<?xml version="1.0" encoding="UTF-8"?>
<testsuite xmlns:xsi="http://www.w3.org/2001/XMLSchema-instance" xsi:noNamespaceSchemaLocation="https://maven.apache.org/surefire/maven-surefire-plugin/xsd/surefire-test-report-3.0.xsd" version="3.0" name="com.kidpass.authservice.AuthControllerTest" time="0.097" tests="3" errors="0" skipped="0" failures="0">
  <properties>
[...]
</properties>
  <testcase name="registerUser_Success_ReturnsJwtToken" classname="com.kidpass.authservice.AuthControllerTest" time="0.068"/>
  <testcase name="registerUser_UserAlreadyExists_ReturnsBadRequest" classname="com.kidpass.authservice.AuthControllerTest" time="0.002"/>
  <testcase name="authenticateUser_Success_ReturnsJwtToken" classname="com.kidpass.authservice.AuthControllerTest" time="0.023"/>
</testsuite>